<?xml version="1.0" encoding="UTF-8"?>
<!-- Generated by org.testng.reporters.JUnitReportReporter -->
<testsuite hostname="DESKTOP-0N88LAP" failures="0" tests="1" name="com.qa.code.TC_GET_001" time="7.409" errors="0" timestamp="2021-10-31T12:53:44 IST" skipped="0">
  <testcase classname="com.qa.code.TC_GET_001" name="TC_001" time="7.409"/>
  <system-out/>
</testsuite> <!-- com.qa.code.TC_GET_001 -->
