<?xml version="1.0" encoding="UTF-8"?>
<!-- Generated by org.testng.reporters.JUnitReportReporter -->
<testsuite hostname="DESKTOP-0N88LAP" failures="0" tests="1" name="com.qa.code.TC_POST_003" time="6.788" errors="0" timestamp="2021-10-31T13:23:05 IST" skipped="0">
  <testcase classname="com.qa.code.TC_POST_003" name="TC_003" time="6.788"/>
  <system-out/>
</testsuite> <!-- com.qa.code.TC_POST_003 -->
