<?xml version="1.0" encoding="UTF-8"?>
<!-- Generated by org.testng.reporters.JUnitReportReporter -->
<testsuite hostname="DESKTOP-0N88LAP" failures="0" tests="1" name="com.qa.code.TC_DELETE_005" time="5.951" errors="0" timestamp="2021-10-31T13:37:33 IST" skipped="0">
  <testcase classname="com.qa.code.TC_DELETE_005" name="TC_005" time="5.951"/>
  <system-out/>
</testsuite> <!-- com.qa.code.TC_DELETE_005 -->
